<?xml version="1.0" encoding="UTF-8"?>
<!-- Generated by org.testng.reporters.JUnitReportReporter -->
<testsuite hostname="LAPTOP-NJQO9TL8" failures="0" tests="1" name="KartheekAppikatla.tests.SubmitOrderTest" time="18.940" errors="0" timestamp="2024-02-24T11:59:01 IST" skipped="0">
  <testcase classname="KartheekAppikatla.tests.SubmitOrderTest" name="SubmitOrder" time="18.940"/>
</testsuite> <!-- KartheekAppikatla.tests.SubmitOrderTest -->
